<?xml version="1.0" encoding="UTF-8"?>
<!-- Generated by org.testng.reporters.JUnitXMLReporter -->
<testsuite hostname="KESHAV" ignored="1" name="Test1(failed)" tests="1" failures="1" timestamp="2021-08-20T12:31:08 IST" time="0.127" errors="0">
  <testcase name="m5" time="0.027" classname="testNG.TestCase3">
    <failure type="java.lang.AssertionError" message="expected [true] but found [false]">
      <![CDATA[java.lang.AssertionError: expected [true] but found [false]
at testNG.TestCase3.m5(TestCase3.java:10)
at java.util.ArrayList.forEach(ArrayList.java:1234)
... Removed 32 stack frames]]>
    </failure>
  </testcase> <!-- m5 -->
  <testcase name="m6" time="0.0" classname="testNG.TestCase3">
    <ignored/>
  </testcase> <!-- m6 -->
</testsuite> <!-- Test1(failed) -->
