<?xml version="1.0" encoding="UTF-8"?>
<!-- Generated by org.testng.reporters.JUnitXMLReporter -->
<testsuite hostname="KESHAV" ignored="0" name="Test1" tests="4" failures="0" timestamp="2021-08-20T14:58:16 IST" time="0.101" errors="0">
  <testcase name="m6" time="0.009" classname="testNG.TestCase3"/>
  <testcase name="m5" time="0.0" classname="testNG.TestCase3"/>
  <testcase name="m1" time="0.002" classname="testNG.TestCase1"/>
  <testcase name="m2" time="0.001" classname="testNG.TestCase1"/>
</testsuite> <!-- Test1 -->
