<?xml version="1.0" encoding="UTF-8"?>
<!-- Generated by org.testng.reporters.JUnitXMLReporter -->
<testsuite hostname="KESHAV" ignored="0" name="Test" tests="6" failures="0" timestamp="2021-08-19T15:51:29 IST" time="0.153" errors="0">
  <testcase name="m5" time="0.018" classname="testNG.TestCase3"/>
  <testcase name="m6" time="0.003" classname="testNG.TestCase3"/>
  <testcase name="m1" time="0.002" classname="testNG.TestCase1"/>
  <testcase name="m2" time="0.004" classname="testNG.TestCase1"/>
  <testcase name="m3" time="0.006" classname="testNG.TestCase2"/>
  <testcase name="m4" time="0.004" classname="testNG.TestCase2"/>
</testsuite> <!-- Test -->
