<?xml version="1.0" encoding="UTF-8"?>
<!-- Generated by org.testng.reporters.JUnitXMLReporter -->
<testsuite hostname="KESHAV" ignored="0" name="Command line test" tests="6" failures="0" timestamp="2021-08-20T14:45:33 IST" time="0.112" errors="0">
  <testcase name="m1" time="0.008" classname="testNG.TestCase1"/>
  <testcase name="m2" time="0.0" classname="testNG.TestCase1"/>
  <testcase name="m3" time="0.0" classname="testNG.TestCase2"/>
  <testcase name="m4" time="0.0" classname="testNG.TestCase2"/>
  <testcase name="m5" time="0.0" classname="testNG.TestCase3"/>
  <testcase name="m6" time="0.0" classname="testNG.TestCase3"/>
</testsuite> <!-- Command line test -->
