<?xml version="1.0" encoding="UTF-8"?>
<!-- Generated by org.testng.reporters.JUnitXMLReporter -->
<testsuite hostname="KESHAV" ignored="0" name="Test1" tests="4" failures="1" timestamp="2021-08-19T22:35:13 IST" time="0.161" errors="0">
  <testcase name="m6" time="0.012" classname="testNG.TestCase3"/>
  <testcase name="m5" time="0.007" classname="testNG.TestCase3">
    <failure type="java.lang.AssertionError" message="expected [true] but found [false]">
      <![CDATA[java.lang.AssertionError: expected [true] but found [false]
at testNG.TestCase3.m5(TestCase3.java:10)
at java.util.ArrayList.forEach(ArrayList.java:1234)
... Removed 33 stack frames]]>
    </failure>
  </testcase> <!-- m5 -->
  <testcase name="m1" time="0.006" classname="testNG.TestCase1"/>
  <testcase name="m2" time="0.003" classname="testNG.TestCase1"/>
</testsuite> <!-- Test1 -->
