<?xml version="1.0" encoding="UTF-8"?>
<testng-results skipped="0" failed="0" ignored="0" total="6" passed="6">
  <reporter-output>
  </reporter-output>
  <suite name="functional" duration-ms="101" started-at="2021-08-20T14:58:16 IST" finished-at="2021-08-20T14:58:16 IST">
    <groups>
    </groups>
    <test name="Test1" duration-ms="101" started-at="2021-08-20T14:58:16 IST" finished-at="2021-08-20T14:58:16 IST">
      <class name="testNG.TestCase3">
        <test-method status="PASS" signature="m6()[pri:0, instance:testNG.TestCase3@24b1d79b]" name="m6" duration-ms="9" started-at="2021-08-20T14:58:16 IST" finished-at="2021-08-20T14:58:16 IST">
          <reporter-output>
          </reporter-output>
        </test-method> <!-- m6 -->
        <test-method status="PASS" signature="m5()[pri:0, instance:testNG.TestCase3@24b1d79b]" name="m5" duration-ms="0" started-at="2021-08-20T14:58:16 IST" finished-at="2021-08-20T14:58:16 IST">
          <reporter-output>
          </reporter-output>
        </test-method> <!-- m5 -->
      </class> <!-- testNG.TestCase3 -->
      <class name="testNG.TestCase1">
        <test-method status="PASS" signature="m1()[pri:0, instance:testNG.TestCase1@7e9a5fbe]" name="m1" duration-ms="2" started-at="2021-08-20T14:58:16 IST" finished-at="2021-08-20T14:58:16 IST">
          <reporter-output>
          </reporter-output>
        </test-method> <!-- m1 -->
        <test-method status="PASS" signature="m2()[pri:0, instance:testNG.TestCase1@7e9a5fbe]" name="m2" duration-ms="1" started-at="2021-08-20T14:58:16 IST" finished-at="2021-08-20T14:58:16 IST">
          <reporter-output>
          </reporter-output>
        </test-method> <!-- m2 -->
      </class> <!-- testNG.TestCase1 -->
    </test> <!-- Test1 -->
  </suite> <!-- functional -->
  <suite name="sanity" duration-ms="11" started-at="2021-08-20T14:58:16 IST" finished-at="2021-08-20T14:58:16 IST">
    <groups>
    </groups>
    <test name="Test2" duration-ms="11" started-at="2021-08-20T14:58:16 IST" finished-at="2021-08-20T14:58:16 IST">
      <class name="testNG.TestCase2">
        <test-method status="PASS" signature="m3()[pri:0, instance:testNG.TestCase2@1188e820]" name="m3" duration-ms="3" started-at="2021-08-20T14:58:16 IST" finished-at="2021-08-20T14:58:16 IST">
          <reporter-output>
          </reporter-output>
        </test-method> <!-- m3 -->
        <test-method status="PASS" signature="m4()[pri:0, instance:testNG.TestCase2@1188e820]" name="m4" duration-ms="3" started-at="2021-08-20T14:58:16 IST" finished-at="2021-08-20T14:58:16 IST">
          <reporter-output>
          </reporter-output>
        </test-method> <!-- m4 -->
      </class> <!-- testNG.TestCase2 -->
    </test> <!-- Test2 -->
  </suite> <!-- sanity -->
  <suite name="master" duration-ms="0" started-at="2021-08-20T14:58:16 IST" finished-at="2021-08-20T14:58:16 IST">
    <groups>
    </groups>
  </suite> <!-- master -->
</testng-results>
