<?xml version="1.0" encoding="UTF-8"?>
<!-- Generated by org.testng.reporters.JUnitXMLReporter -->
<testsuite hostname="KESHAV" ignored="0" name="Test1" tests="4" failures="0" timestamp="2021-08-19T15:58:55 IST" time="0.1" errors="0">
  <testcase name="m5" time="0.014" classname="testNG.TestCase3"/>
  <testcase name="m6" time="0.003" classname="testNG.TestCase3"/>
  <testcase name="m1" time="0.003" classname="testNG.TestCase1"/>
  <testcase name="m2" time="0.003" classname="testNG.TestCase1"/>
</testsuite> <!-- Test1 -->
